2024-01-09 03:01:53,716 INFO "GET /news HTTP/1.1" 301 0 C:\ProjectMod2_4\venv\lib\site-packages\django\core\servers\basehttp.py None
2024-01-09 03:01:53,771 INFO "GET /news/ HTTP/1.1" 200 5110 C:\ProjectMod2_4\venv\lib\site-packages\django\core\servers\basehttp.py None
2024-01-09 03:01:53,799 INFO "GET /static/css/styles.css HTTP/1.1" 200 236765 C:\ProjectMod2_4\venv\lib\site-packages\django\core\servers\basehttp.py None
2024-01-09 03:01:53,866 WARNING Not Found: /favicon.ico C:\ProjectMod2_4\venv\lib\site-packages\django\utils\log.py None
2024-01-09 03:01:53,867 WARNING "GET /favicon.ico HTTP/1.1" 404 4423 C:\ProjectMod2_4\venv\lib\site-packages\django\core\servers\basehttp.py None
2024-01-09 03:02:31,294 WARNING Not Found: /posts C:\ProjectMod2_4\venv\lib\site-packages\django\utils\log.py None
2024-01-09 03:02:31,295 WARNING "GET /posts HTTP/1.1" 404 4405 C:\ProjectMod2_4\venv\lib\site-packages\django\core\servers\basehttp.py None
2024-01-09 03:03:27,592 INFO "GET /post HTTP/1.1" 301 0 C:\ProjectMod2_4\venv\lib\site-packages\django\core\servers\basehttp.py None
2024-01-09 03:03:27,607 INFO "GET /post/ HTTP/1.1" 200 6277 C:\ProjectMod2_4\venv\lib\site-packages\django\core\servers\basehttp.py None
2024-01-09 03:48:28,052 ERROR "GET /post/ HTTP/1.1" 500 0 C:\ProjectMod2_4\venv\lib\site-packages\django\core\servers\basehttp.py None
2024-01-09 19:10:11,164 INFO "GET /news/search/?heading__icontains=&category=1&added_after= HTTP/1.1" 200 3887 C:\ProjectMod2_4\venv\lib\site-packages\django\core\servers\basehttp.py None
2024-01-09 19:10:48,639 INFO "GET /news/ HTTP/1.1" 200 7249 C:\ProjectMod2_4\venv\lib\site-packages\django\core\servers\basehttp.py None
2024-01-09 19:11:08,586 INFO "GET /news/1/ HTTP/1.1" 200 2489 C:\ProjectMod2_4\venv\lib\site-packages\django\core\servers\basehttp.py None
2024-01-09 19:12:51,537 INFO "GET /news/2 HTTP/1.1" 301 0 C:\ProjectMod2_4\venv\lib\site-packages\django\core\servers\basehttp.py None
2024-01-09 19:12:51,566 INFO "GET /news/2/ HTTP/1.1" 200 2546 C:\ProjectMod2_4\venv\lib\site-packages\django\core\servers\basehttp.py None
2024-01-09 23:50:30,444 WARNING Not Found: / C:\ProjectMod2_4\venv\lib\site-packages\django\utils\log.py None
2024-01-09 23:50:30,501 WARNING "GET / HTTP/1.1" 404 179 C:\ProjectMod2_4\venv\lib\site-packages\django\core\servers\basehttp.py None
2024-01-09 23:50:46,238 INFO "GET /news/ HTTP/1.1" 200 7249 C:\ProjectMod2_4\venv\lib\site-packages\django\core\servers\basehttp.py None
2024-01-09 23:51:11,583 WARNING Not Found: /news/sea C:\ProjectMod2_4\venv\lib\site-packages\django\utils\log.py None
2024-01-09 23:51:11,695 WARNING "GET /news/sea HTTP/1.1" 404 179 C:\ProjectMod2_4\venv\lib\site-packages\django\core\servers\basehttp.py None
2024-01-09 23:51:32,956 INFO "GET /news/search/ HTTP/1.1" 200 4301 C:\ProjectMod2_4\venv\lib\site-packages\django\core\servers\basehttp.py None
2024-01-09 23:51:36,621 INFO "GET /news/search/?heading__icontains=&added_after= HTTP/1.1" 200 4392 C:\ProjectMod2_4\venv\lib\site-packages\django\core\servers\basehttp.py None
2024-01-09 23:51:37,726 INFO "GET /news/search/?heading__icontains=&added_after= HTTP/1.1" 200 4392 C:\ProjectMod2_4\venv\lib\site-packages\django\core\servers\basehttp.py None
2024-01-09 23:51:39,057 INFO "GET /news/search/?heading__icontains=&added_after= HTTP/1.1" 200 4392 C:\ProjectMod2_4\venv\lib\site-packages\django\core\servers\basehttp.py None
2024-01-09 23:51:42,499 INFO "GET /news/search/?heading__icontains=&category=2&added_after= HTTP/1.1" 200 4080 C:\ProjectMod2_4\venv\lib\site-packages\django\core\servers\basehttp.py None
2024-01-09 23:51:44,893 INFO "GET /news/search/?heading__icontains=&category=3&added_after= HTTP/1.1" 200 4364 C:\ProjectMod2_4\venv\lib\site-packages\django\core\servers\basehttp.py None
